<?xml version="1.0" encoding="UTF-8"?>
<testng-results ignored="0" total="2" passed="2" failed="0" skipped="0">
  <reporter-output>
  </reporter-output>
  <suite started-at="2023-08-06T23:11:46 IST" name="Default suite" finished-at="2023-08-06T23:12:05 IST" duration-ms="18871">
    <groups>
    </groups>
    <test started-at="2023-08-06T23:11:46 IST" name="Default test" finished-at="2023-08-06T23:12:05 IST" duration-ms="18871">
      <class name="TestCases.RegisterandLoginTestCase">
        <test-method is-config="true" signature="launchBrowserandURL()[pri:0, instance:TestCases.RegisterandLoginTestCase@e350b40]" started-at="2023-08-06T23:11:46 IST" name="launchBrowserandURL" finished-at="2023-08-06T23:11:51 IST" duration-ms="5462" status="PASS">
          <reporter-output>
          </reporter-output>
        </test-method> <!-- launchBrowserandURL -->
        <test-method signature="VerifyRegistration()[pri:0, instance:TestCases.RegisterandLoginTestCase@e350b40]" started-at="2023-08-06T23:11:51 IST" name="VerifyRegistration" finished-at="2023-08-06T23:11:59 IST" duration-ms="7560" status="PASS">
          <reporter-output>
          </reporter-output>
        </test-method> <!-- VerifyRegistration -->
        <test-method is-config="true" signature="launchBrowserandURL()[pri:0, instance:TestCases.RegisterandLoginTestCase@e350b40]" started-at="2023-08-06T23:11:59 IST" name="launchBrowserandURL" finished-at="2023-08-06T23:12:03 IST" duration-ms="4186" status="PASS">
          <reporter-output>
          </reporter-output>
        </test-method> <!-- launchBrowserandURL -->
        <test-method signature="LoginTestCase()[pri:1, instance:TestCases.RegisterandLoginTestCase@e350b40]" started-at="2023-08-06T23:12:03 IST" name="LoginTestCase" finished-at="2023-08-06T23:12:05 IST" duration-ms="1610" status="PASS">
          <reporter-output>
          </reporter-output>
        </test-method> <!-- LoginTestCase -->
      </class> <!-- TestCases.RegisterandLoginTestCase -->
    </test> <!-- Default test -->
  </suite> <!-- Default suite -->
</testng-results>
